-------------------------------------------------------------------------------
Test set: com.paypal.bfs.test.bookingserv.impl.SmokeTest
-------------------------------------------------------------------------------
Tests run: 2, Failures: 1, Errors: 0, Skipped: 0, Time elapsed: 13.273 s <<< FAILURE! - in com.paypal.bfs.test.bookingserv.impl.SmokeTest
testValidation  Time elapsed: 1.277 s  <<< FAILURE!
org.opentest4j.AssertionFailedError: 
	at com.paypal.bfs.test.bookingserv.impl.SmokeTest.testValidation(SmokeTest.java:62)

